

times in msec
 clock   self+sourced   self:  sourced script
 clock   elapsed:              other lines

000.007  000.007: --- NVIM STARTING ---
000.902  000.895: locale set
008.952  008.050: inits 1
008.977  000.025: window checked
008.981  000.004: parsing arguments
011.850  002.869: expanding arguments
011.924  000.074: inits 2
012.536  000.612: init highlight
012.538  000.002: waiting for UI
014.772  002.234: done waiting for UI
014.783  000.011: init screen for UI
014.814  000.031: init default mappings
014.853  000.039: init default autocommands
016.660  000.074  000.074: sourcing /opt/homebrew/Cellar/neovim/0.7.0/share/nvim/runtime/ftplugin.vim
016.850  000.045  000.045: sourcing /opt/homebrew/Cellar/neovim/0.7.0/share/nvim/runtime/indent.vim
030.393  013.300  013.300: sourcing /Users/shauryasingh/.config/nvim/init.lua
030.405  002.133: sourcing vimrc file(s)
030.867  000.255  000.255: sourcing /opt/homebrew/Cellar/neovim/0.7.0/share/nvim/runtime/filetype.lua
030.939  000.020  000.020: sourcing /opt/homebrew/Cellar/neovim/0.7.0/share/nvim/runtime/filetype.vim
031.215  000.082  000.082: sourcing /opt/homebrew/Cellar/neovim/0.7.0/share/nvim/runtime/syntax/synload.vim
031.329  000.330  000.248: sourcing /opt/homebrew/Cellar/neovim/0.7.0/share/nvim/runtime/syntax/syntax.vim
033.076  000.018  000.018: sourcing /opt/homebrew/Cellar/neovim/0.7.0/share/nvim/runtime/plugin/gzip.vim
033.131  000.015  000.015: sourcing /opt/homebrew/Cellar/neovim/0.7.0/share/nvim/runtime/plugin/health.vim
033.210  000.040  000.040: sourcing /opt/homebrew/Cellar/neovim/0.7.0/share/nvim/runtime/plugin/man.vim
033.266  000.016  000.016: sourcing /opt/homebrew/Cellar/neovim/0.7.0/share/nvim/runtime/plugin/matchit.vim
033.461  000.147  000.147: sourcing /opt/homebrew/Cellar/neovim/0.7.0/share/nvim/runtime/plugin/matchparen.vim
033.522  000.021  000.021: sourcing /opt/homebrew/Cellar/neovim/0.7.0/share/nvim/runtime/plugin/netrwPlugin.vim
033.762  000.011  000.011: sourcing /Users/shauryasingh/.local/share/nvim/rplugin.vim
033.767  000.193  000.183: sourcing /opt/homebrew/Cellar/neovim/0.7.0/share/nvim/runtime/plugin/rplugin.vim
033.875  000.071  000.071: sourcing /opt/homebrew/Cellar/neovim/0.7.0/share/nvim/runtime/plugin/shada.vim
033.943  000.015  000.015: sourcing /opt/homebrew/Cellar/neovim/0.7.0/share/nvim/runtime/plugin/spellfile.vim
034.025  000.032  000.032: sourcing /opt/homebrew/Cellar/neovim/0.7.0/share/nvim/runtime/plugin/tarPlugin.vim
034.092  000.017  000.017: sourcing /opt/homebrew/Cellar/neovim/0.7.0/share/nvim/runtime/plugin/tohtml.vim
034.189  000.033  000.033: sourcing /opt/homebrew/Cellar/neovim/0.7.0/share/nvim/runtime/plugin/tutor.vim
034.272  000.036  000.036: sourcing /opt/homebrew/Cellar/neovim/0.7.0/share/nvim/runtime/plugin/zipPlugin.vim
051.421  000.013  000.013: sourcing /Users/shauryasingh/.local/share/nvim/site/pack/packer/opt/neorg/ftdetect/norg.vim
051.426  016.983  016.970: sourcing /Users/shauryasingh/.config/nvim/plugin/packer_compiled.lua
051.973  003.326: loading rtp plugins
052.408  000.046  000.046: sourcing /Users/shauryasingh/.local/share/nvim/site/pack/packer/start/hotpot.nvim/plugin/hotpot.vim
052.862  000.117  000.117: sourcing /Users/shauryasingh/.local/share/nvim/site/pack/packer/start/leap.nvim/plugin/init.lua
053.136  000.076  000.076: sourcing /Users/shauryasingh/.local/share/nvim/site/pack/packer/start/nvim-lsp-installer/plugin/nvim-lsp-installer.vim
053.400  000.051  000.051: sourcing /Users/shauryasingh/.local/share/nvim/site/pack/packer/start/nvim-lspconfig/plugin/lspconfig.vim
054.202  000.416  000.416: sourcing /Users/shauryasingh/.local/share/nvim/site/pack/packer/start/nvim-treesitter/plugin/nvim-treesitter.lua
054.394  000.058  000.058: sourcing /Users/shauryasingh/.local/share/nvim/site/pack/packer/start/nvim-ts-rainbow/plugin/rainbow.vim
054.675  000.023  000.023: sourcing /Users/shauryasingh/.local/share/nvim/site/pack/packer/start/plenary.nvim/plugin/plenary.vim
054.901  000.019  000.019: sourcing /Users/shauryasingh/.local/share/nvim/site/pack/packer/start/twilight.nvim/plugin/twilight.vim
055.136  000.011  000.011: sourcing /Users/shauryasingh/.local/share/nvim/site/pack/packer/start/which-key.nvim/plugin/which-key.vim
055.405  002.618: loading packages
056.656  000.073  000.073: sourcing /Users/shauryasingh/.local/share/nvim/site/pack/packer/start/cmp-nvim-lsp/after/plugin/cmp_nvim_lsp.lua
056.658  001.179: loading after plugins
056.665  000.008: inits 3
058.055  001.390: reading ShaDa
058.104  000.049: opening buffers
058.121  000.017: BufEnter autocommands
058.122  000.001: editing files in windows
061.622  003.500: VimEnter autocommands
061.624  000.002: UIEnter autocommands
061.893  000.146  000.146: sourcing /opt/homebrew/Cellar/neovim/0.7.0/share/nvim/runtime/autoload/provider/clipboard.vim
061.897  000.127: before starting main loop
062.353  000.456: first screen update
062.354  000.002: --- NVIM STARTED ---
